# JRE version: Java(TM) SE Runtime Environment (8.0_131-b11) (build 1.8.0_131-b11)
# Java VM: Java HotSpot(TM) 64-Bit Server VM (25.131-b11 mixed mode linux-amd64 compressed oops)
Heap:
 PSYoungGen      total 445952K, used 147536K [0x00000000d6d00000, 0x00000000ffc00000, 0x0000000100000000)
  eden space 225280K, 65% used [0x00000000d6d00000,0x00000000dfd140b0,0x00000000e4900000)
  from space 220672K, 0% used [0x00000000f2480000,0x00000000f2480000,0x00000000ffc00000)
  to   space 222720K, 0% used [0x00000000e4900000,0x00000000e4900000,0x00000000f2280000)
 ParOldGen       total 1350656K, used 1347148K [0x0000000084600000, 0x00000000d6d00000, 0x00000000d6d00000)
  object space 1350656K, 99% used [0x0000000084600000,0x00000000d69933d0,0x00000000d6d00000)
 Metaspace       used 12060K, capacity 12322K, committed 12544K, reserved 1060864K
  class space    used 1456K, capacity 1527K, committed 1536K, reserved 1048576K
GC Heap History (10 events):
Event: 229.832 GC heap before
{Heap before GC invocations=75 (full 37):
 PSYoungGen      total 445952K, used 225280K [0x00000000d6d00000, 0x00000000ffc00000, 0x0000000100000000)
  eden space 225280K, 100% used [0x00000000d6d00000,0x00000000e4900000,0x00000000e4900000)
  from space 220672K, 0% used [0x00000000f2480000,0x00000000f2480000,0x00000000ffc00000)
  to   space 222720K, 0% used [0x00000000e4900000,0x00000000e4900000,0x00000000f2280000)
 ParOldGen       total 1350656K, used 1350212K [0x0000000084600000, 0x00000000d6d00000, 0x00000000d6d00000)
  object space 1350656K, 99% used [0x0000000084600000,0x00000000d6c910b8,0x00000000d6d00000)
 Metaspace       used 12060K, capacity 12322K, committed 12544K, reserved 1060864K
  class space    used 1456K, capacity 1527K, committed 1536K, reserved 1048576K
Event: 231.548 GC heap after
Heap after GC invocations=75 (full 37):
 PSYoungGen      total 445952K, used 79098K [0x00000000d6d00000, 0x00000000ffc00000, 0x0000000100000000)
  eden space 225280K, 35% used [0x00000000d6d00000,0x00000000dba3eaa8,0x00000000e4900000)
  from space 220672K, 0% used [0x00000000f2480000,0x00000000f2480000,0x00000000ffc00000)
  to   space 222720K, 0% used [0x00000000e4900000,0x00000000e4900000,0x00000000f2280000)
 ParOldGen       total 1350656K, used 1350329K [0x0000000084600000, 0x00000000d6d00000, 0x00000000d6d00000)
  object space 1350656K, 99% used [0x0000000084600000,0x00000000d6cae450,0x00000000d6d00000)
 Metaspace       used 12060K, capacity 12322K, committed 12544K, reserved 1060864K
  class space    used 1456K, capacity 1527K, committed 1536K, reserved 1048576K
}
Event: 231.692 GC heap before
{Heap before GC invocations=76 (full 38):
 PSYoungGen      total 445952K, used 225280K [0x00000000d6d00000, 0x00000000ffc00000, 0x0000000100000000)
  eden space 225280K, 100% used [0x00000000d6d00000,0x00000000e4900000,0x00000000e4900000)
  from space 220672K, 0% used [0x00000000f2480000,0x00000000f2480000,0x00000000ffc00000)
  to   space 222720K, 0% used [0x00000000e4900000,0x00000000e4900000,0x00000000f2280000)
 ParOldGen       total 1350656K, used 1350329K [0x0000000084600000, 0x00000000d6d00000, 0x00000000d6d00000)
  object space 1350656K, 99% used [0x0000000084600000,0x00000000d6cae450,0x00000000d6d00000)
 Metaspace       used 12060K, capacity 12322K, committed 12544K, reserved 1060864K
  class space    used 1456K, capacity 1527K, committed 1536K, reserved 1048576K
Event: 233.539 GC heap after
Heap after GC invocations=76 (full 38):
 PSYoungGen      total 445952K, used 39700K [0x00000000d6d00000, 0x00000000ffc00000, 0x0000000100000000)
  eden space 225280K, 17% used [0x00000000d6d00000,0x00000000d93c5308,0x00000000e4900000)
  from space 220672K, 0% used [0x00000000f2480000,0x00000000f2480000,0x00000000ffc00000)
  to   space 222720K, 0% used [0x00000000e4900000,0x00000000e4900000,0x00000000f2280000)
 ParOldGen       total 1350656K, used 1350154K [0x0000000084600000, 0x00000000d6d00000, 0x00000000d6d00000)
  object space 1350656K, 99% used [0x0000000084600000,0x00000000d6c82828,0x00000000d6d00000)
 Metaspace       used 12060K, capacity 12322K, committed 12544K, reserved 1060864K
  class space    used 1456K, capacity 1527K, committed 1536K, reserved 1048576K
}
Event: 233.723 GC heap before
{Heap before GC invocations=77 (full 39):
 PSYoungGen      total 445952K, used 225280K [0x00000000d6d00000, 0x00000000ffc00000, 0x0000000100000000)
  eden space 225280K, 100% used [0x00000000d6d00000,0x00000000e4900000,0x00000000e4900000)
  from space 220672K, 0% used [0x00000000f2480000,0x00000000f2480000,0x00000000ffc00000)
  to   space 222720K, 0% used [0x00000000e4900000,0x00000000e4900000,0x00000000f2280000)
 ParOldGen       total 1350656K, used 1350154K [0x0000000084600000, 0x00000000d6d00000, 0x00000000d6d00000)
  object space 1350656K, 99% used [0x0000000084600000,0x00000000d6c82828,0x00000000d6d00000)
 Metaspace       used 12060K, capacity 12322K, committed 12544K, reserved 1060864K
  class space    used 1456K, capacity 1527K, committed 1536K, reserved 1048576K
Event: 235.476 GC heap after
Heap after GC invocations=77 (full 39):
 PSYoungGen      total 445952K, used 0K [0x00000000d6d00000, 0x00000000ffc00000, 0x0000000100000000)
  eden space 225280K, 0% used [0x00000000d6d00000,0x00000000d6d00000,0x00000000e4900000)
  from space 220672K, 0% used [0x00000000f2480000,0x00000000f2480000,0x00000000ffc00000)
  to   space 222720K, 0% used [0x00000000e4900000,0x00000000e4900000,0x00000000f2280000)
 ParOldGen       total 1350656K, used 1326725K [0x0000000084600000, 0x00000000d6d00000, 0x00000000d6d00000)
  object space 1350656K, 98% used [0x0000000084600000,0x00000000d55a15a0,0x00000000d6d00000)
 Metaspace       used 12060K, capacity 12322K, committed 12544K, reserved 1060864K
  class space    used 1456K, capacity 1527K, committed 1536K, reserved 1048576K
}
Event: 235.686 GC heap before
{Heap before GC invocations=78 (full 40):
 PSYoungGen      total 445952K, used 225280K [0x00000000d6d00000, 0x00000000ffc00000, 0x0000000100000000)
  eden space 225280K, 100% used [0x00000000d6d00000,0x00000000e4900000,0x00000000e4900000)
  from space 220672K, 0% used [0x00000000f2480000,0x00000000f2480000,0x00000000ffc00000)
  to   space 222720K, 0% used [0x00000000e4900000,0x00000000e4900000,0x00000000f2280000)
 ParOldGen       total 1350656K, used 1326725K [0x0000000084600000, 0x00000000d6d00000, 0x00000000d6d00000)
  object space 1350656K, 98% used [0x0000000084600000,0x00000000d55a15a0,0x00000000d6d00000)
 Metaspace       used 12060K, capacity 12322K, committed 12544K, reserved 1060864K
  class space    used 1456K, capacity 1527K, committed 1536K, reserved 1048576K
Event: 237.168 GC heap after
Heap after GC invocations=78 (full 40):
 PSYoungGen      total 445952K, used 0K [0x00000000d6d00000, 0x00000000ffc00000, 0x0000000100000000)
  eden space 225280K, 0% used [0x00000000d6d00000,0x00000000d6d00000,0x00000000e4900000)
  from space 220672K, 0% used [0x00000000f2480000,0x00000000f2480000,0x00000000ffc00000)
  to   space 222720K, 0% used [0x00000000e4900000,0x00000000e4900000,0x00000000f2280000)
 ParOldGen       total 1350656K, used 1295859K [0x0000000084600000, 0x00000000d6d00000, 0x00000000d6d00000)
  object space 1350656K, 95% used [0x0000000084600000,0x00000000d377ceb8,0x00000000d6d00000)
 Metaspace       used 12060K, capacity 12322K, committed 12544K, reserved 1060864K
  class space    used 1456K, capacity 1527K, committed 1536K, reserved 1048576K
}
Event: 237.331 GC heap before
{Heap before GC invocations=79 (full 41):
 PSYoungGen      total 445952K, used 225280K [0x00000000d6d00000, 0x00000000ffc00000, 0x0000000100000000)
  eden space 225280K, 100% used [0x00000000d6d00000,0x00000000e4900000,0x00000000e4900000)
  from space 220672K, 0% used [0x00000000f2480000,0x00000000f2480000,0x00000000ffc00000)
  to   space 222720K, 0% used [0x00000000e4900000,0x00000000e4900000,0x00000000f2280000)
 ParOldGen       total 1350656K, used 1295859K [0x0000000084600000, 0x00000000d6d00000, 0x00000000d6d00000)
  object space 1350656K, 95% used [0x0000000084600000,0x00000000d377ceb8,0x00000000d6d00000)
 Metaspace       used 12060K, capacity 12322K, committed 12544K, reserved 1060864K
  class space    used 1456K, capacity 1527K, committed 1536K, reserved 1048576K
Event: 238.896 GC heap after
Heap after GC invocations=79 (full 41):
 PSYoungGen      total 445952K, used 0K [0x00000000d6d00000, 0x00000000ffc00000, 0x0000000100000000)
  eden space 225280K, 0% used [0x00000000d6d00000,0x00000000d6d00000,0x00000000e4900000)
  from space 220672K, 0% used [0x00000000f2480000,0x00000000f2480000,0x00000000ffc00000)
  to   space 222720K, 0% used [0x00000000e4900000,0x00000000e4900000,0x00000000f2280000)
 ParOldGen       total 1350656K, used 1347148K [0x0000000084600000, 0x00000000d6d00000, 0x00000000d6d00000)
  object space 1350656K, 99% used [0x0000000084600000,0x00000000d69933d0,0x00000000d6d00000)
 Metaspace       used 12060K, capacity 12322K, committed 12544K, reserved 1060864K
  class space    used 1456K, capacity 1527K, committed 1536K, reserved 1048576K
}

