# JRE version: Java(TM) SE Runtime Environment (8.0_131-b11) (build 1.8.0_131-b11)
# Java VM: Java HotSpot(TM) 64-Bit Server VM (25.131-b11 mixed mode linux-amd64 compressed oops)
Heap:
 PSYoungGen      total 445440K, used 87588K [0x00000000d6d00000, 0x00000000ff700000, 0x0000000100000000)
  eden space 233472K, 37% used [0x00000000d6d00000,0x00000000dc289040,0x00000000e5100000)
  from space 211968K, 0% used [0x00000000e5100000,0x00000000e5100000,0x00000000f2000000)
  to   space 211456K, 0% used [0x00000000f2880000,0x00000000f2880000,0x00000000ff700000)
 ParOldGen       total 1350656K, used 1350497K [0x0000000084600000, 0x00000000d6d00000, 0x00000000d6d00000)
  object space 1350656K, 99% used [0x0000000084600000,0x00000000d6cd84b8,0x00000000d6d00000)
 Metaspace       used 12054K, capacity 12258K, committed 12544K, reserved 1060864K
  class space    used 1457K, capacity 1527K, committed 1536K, reserved 1048576K
GC Heap History (10 events):
Event: 111.021 GC heap before
{Heap before GC invocations=70 (full 35):
 PSYoungGen      total 445440K, used 233472K [0x00000000d6d00000, 0x00000000ff700000, 0x0000000100000000)
  eden space 233472K, 100% used [0x00000000d6d00000,0x00000000e5100000,0x00000000e5100000)
  from space 211968K, 0% used [0x00000000e5100000,0x00000000e5100000,0x00000000f2000000)
  to   space 211456K, 0% used [0x00000000f2880000,0x00000000f2880000,0x00000000ff700000)
 ParOldGen       total 1350656K, used 1345562K [0x0000000084600000, 0x00000000d6d00000, 0x00000000d6d00000)
  object space 1350656K, 99% used [0x0000000084600000,0x00000000d68069c8,0x00000000d6d00000)
 Metaspace       used 12054K, capacity 12258K, committed 12544K, reserved 1060864K
  class space    used 1457K, capacity 1527K, committed 1536K, reserved 1048576K
Event: 113.294 GC heap after
Heap after GC invocations=70 (full 35):
 PSYoungGen      total 445440K, used 51642K [0x00000000d6d00000, 0x00000000ff700000, 0x0000000100000000)
  eden space 233472K, 22% used [0x00000000d6d00000,0x00000000d9f6e858,0x00000000e5100000)
  from space 211968K, 0% used [0x00000000e5100000,0x00000000e5100000,0x00000000f2000000)
  to   space 211456K, 0% used [0x00000000f2880000,0x00000000f2880000,0x00000000ff700000)
 ParOldGen       total 1350656K, used 1350415K [0x0000000084600000, 0x00000000d6d00000, 0x00000000d6d00000)
  object space 1350656K, 99% used [0x0000000084600000,0x00000000d6cc3e60,0x00000000d6d00000)
 Metaspace       used 12054K, capacity 12258K, committed 12544K, reserved 1060864K
  class space    used 1457K, capacity 1527K, committed 1536K, reserved 1048576K
}
Event: 113.559 GC heap before
{Heap before GC invocations=71 (full 36):
 PSYoungGen      total 445440K, used 233472K [0x00000000d6d00000, 0x00000000ff700000, 0x0000000100000000)
  eden space 233472K, 100% used [0x00000000d6d00000,0x00000000e5100000,0x00000000e5100000)
  from space 211968K, 0% used [0x00000000e5100000,0x00000000e5100000,0x00000000f2000000)
  to   space 211456K, 0% used [0x00000000f2880000,0x00000000f2880000,0x00000000ff700000)
 ParOldGen       total 1350656K, used 1350415K [0x0000000084600000, 0x00000000d6d00000, 0x00000000d6d00000)
  object space 1350656K, 99% used [0x0000000084600000,0x00000000d6cc3e60,0x00000000d6d00000)
 Metaspace       used 12054K, capacity 12258K, committed 12544K, reserved 1060864K
  class space    used 1457K, capacity 1527K, committed 1536K, reserved 1048576K
Event: 115.281 GC heap after
Heap after GC invocations=71 (full 36):
 PSYoungGen      total 445440K, used 43230K [0x00000000d6d00000, 0x00000000ff700000, 0x0000000100000000)
  eden space 233472K, 18% used [0x00000000d6d00000,0x00000000d9737bc8,0x00000000e5100000)
  from space 211968K, 0% used [0x00000000e5100000,0x00000000e5100000,0x00000000f2000000)
  to   space 211456K, 0% used [0x00000000f2880000,0x00000000f2880000,0x00000000ff700000)
 ParOldGen       total 1350656K, used 1350597K [0x0000000084600000, 0x00000000d6d00000, 0x00000000d6d00000)
  object space 1350656K, 99% used [0x0000000084600000,0x00000000d6cf1710,0x00000000d6d00000)
 Metaspace       used 12054K, capacity 12258K, committed 12544K, reserved 1060864K
  class space    used 1457K, capacity 1527K, committed 1536K, reserved 1048576K
}
Event: 115.487 GC heap before
{Heap before GC invocations=72 (full 37):
 PSYoungGen      total 445440K, used 233472K [0x00000000d6d00000, 0x00000000ff700000, 0x0000000100000000)
  eden space 233472K, 100% used [0x00000000d6d00000,0x00000000e5100000,0x00000000e5100000)
  from space 211968K, 0% used [0x00000000e5100000,0x00000000e5100000,0x00000000f2000000)
  to   space 211456K, 0% used [0x00000000f2880000,0x00000000f2880000,0x00000000ff700000)
 ParOldGen       total 1350656K, used 1350597K [0x0000000084600000, 0x00000000d6d00000, 0x00000000d6d00000)
  object space 1350656K, 99% used [0x0000000084600000,0x00000000d6cf1710,0x00000000d6d00000)
 Metaspace       used 12054K, capacity 12258K, committed 12544K, reserved 1060864K
  class space    used 1457K, capacity 1527K, committed 1536K, reserved 1048576K
Event: 117.316 GC heap after
Heap after GC invocations=72 (full 37):
 PSYoungGen      total 445440K, used 0K [0x00000000d6d00000, 0x00000000ff700000, 0x0000000100000000)
  eden space 233472K, 0% used [0x00000000d6d00000,0x00000000d6d00000,0x00000000e5100000)
  from space 211968K, 0% used [0x00000000e5100000,0x00000000e5100000,0x00000000f2000000)
  to   space 211456K, 0% used [0x00000000f2880000,0x00000000f2880000,0x00000000ff700000)
 ParOldGen       total 1350656K, used 1333211K [0x0000000084600000, 0x00000000d6d00000, 0x00000000d6d00000)
  object space 1350656K, 98% used [0x0000000084600000,0x00000000d5bf6d18,0x00000000d6d00000)
 Metaspace       used 12054K, capacity 12258K, committed 12544K, reserved 1060864K
  class space    used 1457K, capacity 1527K, committed 1536K, reserved 1048576K
}
Event: 117.511 GC heap before
{Heap before GC invocations=73 (full 38):
 PSYoungGen      total 445440K, used 233472K [0x00000000d6d00000, 0x00000000ff700000, 0x0000000100000000)
  eden space 233472K, 100% used [0x00000000d6d00000,0x00000000e5100000,0x00000000e5100000)
  from space 211968K, 0% used [0x00000000e5100000,0x00000000e5100000,0x00000000f2000000)
  to   space 211456K, 0% used [0x00000000f2880000,0x00000000f2880000,0x00000000ff700000)
 ParOldGen       total 1350656K, used 1333211K [0x0000000084600000, 0x00000000d6d00000, 0x00000000d6d00000)
  object space 1350656K, 98% used [0x0000000084600000,0x00000000d5bf6d18,0x00000000d6d00000)
 Metaspace       used 12054K, capacity 12258K, committed 12544K, reserved 1060864K
  class space    used 1457K, capacity 1527K, committed 1536K, reserved 1048576K
Event: 119.075 GC heap after
Heap after GC invocations=73 (full 38):
 PSYoungGen      total 445440K, used 0K [0x00000000d6d00000, 0x00000000ff700000, 0x0000000100000000)
  eden space 233472K, 0% used [0x00000000d6d00000,0x00000000d6d00000,0x00000000e5100000)
  from space 211968K, 0% used [0x00000000e5100000,0x00000000e5100000,0x00000000f2000000)
  to   space 211456K, 0% used [0x00000000f2880000,0x00000000f2880000,0x00000000ff700000)
 ParOldGen       total 1350656K, used 1350061K [0x0000000084600000, 0x00000000d6d00000, 0x00000000d6d00000)
  object space 1350656K, 99% used [0x0000000084600000,0x00000000d6c6b6a0,0x00000000d6d00000)
 Metaspace       used 12054K, capacity 12258K, committed 12544K, reserved 1060864K
  class space    used 1457K, capacity 1527K, committed 1536K, reserved 1048576K
}
Event: 119.242 GC heap before
{Heap before GC invocations=74 (full 39):
 PSYoungGen      total 445440K, used 233472K [0x00000000d6d00000, 0x00000000ff700000, 0x0000000100000000)
  eden space 233472K, 100% used [0x00000000d6d00000,0x00000000e5100000,0x00000000e5100000)
  from space 211968K, 0% used [0x00000000e5100000,0x00000000e5100000,0x00000000f2000000)
  to   space 211456K, 0% used [0x00000000f2880000,0x00000000f2880000,0x00000000ff700000)
 ParOldGen       total 1350656K, used 1350061K [0x0000000084600000, 0x00000000d6d00000, 0x00000000d6d00000)
  object space 1350656K, 99% used [0x0000000084600000,0x00000000d6c6b6a0,0x00000000d6d00000)
 Metaspace       used 12054K, capacity 12258K, committed 12544K, reserved 1060864K
  class space    used 1457K, capacity 1527K, committed 1536K, reserved 1048576K
Event: 121.248 GC heap after
Heap after GC invocations=74 (full 39):
 PSYoungGen      total 445440K, used 65680K [0x00000000d6d00000, 0x00000000ff700000, 0x0000000100000000)
  eden space 233472K, 28% used [0x00000000d6d00000,0x00000000dad24000,0x00000000e5100000)
  from space 211968K, 0% used [0x00000000e5100000,0x00000000e5100000,0x00000000f2000000)
  to   space 211456K, 0% used [0x00000000f2880000,0x00000000f2880000,0x00000000ff700000)
 ParOldGen       total 1350656K, used 1350497K [0x0000000084600000, 0x00000000d6d00000, 0x00000000d6d00000)
  object space 1350656K, 99% used [0x0000000084600000,0x00000000d6cd84b8,0x00000000d6d00000)
 Metaspace       used 12054K, capacity 12258K, committed 12544K, reserved 1060864K
  class space    used 1457K, capacity 1527K, committed 1536K, reserved 1048576K
}

