# JRE version: Java(TM) SE Runtime Environment (8.0_151-b12) (build 1.8.0_151-b12)
# Java VM: Java HotSpot(TM) 64-Bit Server VM (25.151-b12 mixed mode linux-amd64 compressed oops)
Heap:
 PSYoungGen      total 450048K, used 166853K [0x00000000d6d00000, 0x0000000100000000, 0x0000000100000000)
  eden space 225280K, 74% used [0x00000000d6d00000,0x00000000e0ff1530,0x00000000e4900000)
  from space 224768K, 0% used [0x00000000e4900000,0x00000000e4900000,0x00000000f2480000)
  to   space 224768K, 0% used [0x00000000f2480000,0x00000000f2480000,0x0000000100000000)
 ParOldGen       total 1350656K, used 1350238K [0x0000000084600000, 0x00000000d6d00000, 0x00000000d6d00000)
  object space 1350656K, 99% used [0x0000000084600000,0x00000000d6c97a48,0x00000000d6d00000)
 Metaspace       used 12010K, capacity 12196K, committed 12288K, reserved 1060864K
  class space    used 1454K, capacity 1528K, committed 1536K, reserved 1048576K
GC Heap History (10 events):
Event: 163.696 GC heap before
{Heap before GC invocations=45 (full 18):
 PSYoungGen      total 450048K, used 225280K [0x00000000d6d00000, 0x0000000100000000, 0x0000000100000000)
  eden space 225280K, 100% used [0x00000000d6d00000,0x00000000e4900000,0x00000000e4900000)
  from space 224768K, 0% used [0x00000000e4900000,0x00000000e4900000,0x00000000f2480000)
  to   space 224768K, 0% used [0x00000000f2480000,0x00000000f2480000,0x0000000100000000)
 ParOldGen       total 1350656K, used 1350432K [0x0000000084600000, 0x00000000d6d00000, 0x00000000d6d00000)
  object space 1350656K, 99% used [0x0000000084600000,0x00000000d6cc8078,0x00000000d6d00000)
 Metaspace       used 11999K, capacity 12190K, committed 12288K, reserved 1060864K
  class space    used 1453K, capacity 1527K, committed 1536K, reserved 1048576K
Event: 170.368 GC heap after
Heap after GC invocations=45 (full 18):
 PSYoungGen      total 450048K, used 189401K [0x00000000d6d00000, 0x0000000100000000, 0x0000000100000000)
  eden space 225280K, 84% used [0x00000000d6d00000,0x00000000e25f66d8,0x00000000e4900000)
  from space 224768K, 0% used [0x00000000e4900000,0x00000000e4900000,0x00000000f2480000)
  to   space 224768K, 0% used [0x00000000f2480000,0x00000000f2480000,0x0000000100000000)
 ParOldGen       total 1350656K, used 1350233K [0x0000000084600000, 0x00000000d6d00000, 0x00000000d6d00000)
  object space 1350656K, 99% used [0x0000000084600000,0x00000000d6c965a0,0x00000000d6d00000)
 Metaspace       used 11999K, capacity 12190K, committed 12288K, reserved 1060864K
  class space    used 1453K, capacity 1527K, committed 1536K, reserved 1048576K
}
Event: 170.463 GC heap before
{Heap before GC invocations=46 (full 19):
 PSYoungGen      total 450048K, used 225280K [0x00000000d6d00000, 0x0000000100000000, 0x0000000100000000)
  eden space 225280K, 100% used [0x00000000d6d00000,0x00000000e4900000,0x00000000e4900000)
  from space 224768K, 0% used [0x00000000e4900000,0x00000000e4900000,0x00000000f2480000)
  to   space 224768K, 0% used [0x00000000f2480000,0x00000000f2480000,0x0000000100000000)
 ParOldGen       total 1350656K, used 1350233K [0x0000000084600000, 0x00000000d6d00000, 0x00000000d6d00000)
  object space 1350656K, 99% used [0x0000000084600000,0x00000000d6c965a0,0x00000000d6d00000)
 Metaspace       used 11999K, capacity 12190K, committed 12288K, reserved 1060864K
  class space    used 1453K, capacity 1527K, committed 1536K, reserved 1048576K
Event: 176.295 GC heap after
Heap after GC invocations=46 (full 19):
 PSYoungGen      total 450048K, used 186386K [0x00000000d6d00000, 0x0000000100000000, 0x0000000100000000)
  eden space 225280K, 82% used [0x00000000d6d00000,0x00000000e2304af8,0x00000000e4900000)
  from space 224768K, 0% used [0x00000000e4900000,0x00000000e4900000,0x00000000f2480000)
  to   space 224768K, 0% used [0x00000000f2480000,0x00000000f2480000,0x0000000100000000)
 ParOldGen       total 1350656K, used 1350632K [0x0000000084600000, 0x00000000d6d00000, 0x00000000d6d00000)
  object space 1350656K, 99% used [0x0000000084600000,0x00000000d6cfa318,0x00000000d6d00000)
 Metaspace       used 11999K, capacity 12190K, committed 12288K, reserved 1060864K
  class space    used 1453K, capacity 1527K, committed 1536K, reserved 1048576K
}
Event: 176.431 GC heap before
{Heap before GC invocations=47 (full 20):
 PSYoungGen      total 450048K, used 225280K [0x00000000d6d00000, 0x0000000100000000, 0x0000000100000000)
  eden space 225280K, 100% used [0x00000000d6d00000,0x00000000e4900000,0x00000000e4900000)
  from space 224768K, 0% used [0x00000000e4900000,0x00000000e4900000,0x00000000f2480000)
  to   space 224768K, 0% used [0x00000000f2480000,0x00000000f2480000,0x0000000100000000)
 ParOldGen       total 1350656K, used 1350632K [0x0000000084600000, 0x00000000d6d00000, 0x00000000d6d00000)
  object space 1350656K, 99% used [0x0000000084600000,0x00000000d6cfa318,0x00000000d6d00000)
 Metaspace       used 11999K, capacity 12190K, committed 12288K, reserved 1060864K
  class space    used 1453K, capacity 1527K, committed 1536K, reserved 1048576K
Event: 182.210 GC heap after
Heap after GC invocations=47 (full 20):
 PSYoungGen      total 450048K, used 181453K [0x00000000d6d00000, 0x0000000100000000, 0x0000000100000000)
  eden space 225280K, 80% used [0x00000000d6d00000,0x00000000e1e33688,0x00000000e4900000)
  from space 224768K, 0% used [0x00000000e4900000,0x00000000e4900000,0x00000000f2480000)
  to   space 224768K, 0% used [0x00000000f2480000,0x00000000f2480000,0x0000000100000000)
 ParOldGen       total 1350656K, used 1350344K [0x0000000084600000, 0x00000000d6d00000, 0x00000000d6d00000)
  object space 1350656K, 99% used [0x0000000084600000,0x00000000d6cb2058,0x00000000d6d00000)
 Metaspace       used 11999K, capacity 12190K, committed 12288K, reserved 1060864K
  class space    used 1453K, capacity 1527K, committed 1536K, reserved 1048576K
}
Event: 182.311 GC heap before
{Heap before GC invocations=48 (full 21):
 PSYoungGen      total 450048K, used 225280K [0x00000000d6d00000, 0x0000000100000000, 0x0000000100000000)
  eden space 225280K, 100% used [0x00000000d6d00000,0x00000000e4900000,0x00000000e4900000)
  from space 224768K, 0% used [0x00000000e4900000,0x00000000e4900000,0x00000000f2480000)
  to   space 224768K, 0% used [0x00000000f2480000,0x00000000f2480000,0x0000000100000000)
 ParOldGen       total 1350656K, used 1350344K [0x0000000084600000, 0x00000000d6d00000, 0x00000000d6d00000)
  object space 1350656K, 99% used [0x0000000084600000,0x00000000d6cb2058,0x00000000d6d00000)
 Metaspace       used 11999K, capacity 12190K, committed 12288K, reserved 1060864K
  class space    used 1453K, capacity 1527K, committed 1536K, reserved 1048576K
Event: 188.632 GC heap after
Heap after GC invocations=48 (full 21):
 PSYoungGen      total 450048K, used 178639K [0x00000000d6d00000, 0x0000000100000000, 0x0000000100000000)
  eden space 225280K, 79% used [0x00000000d6d00000,0x00000000e1b73ed8,0x00000000e4900000)
  from space 224768K, 0% used [0x00000000e4900000,0x00000000e4900000,0x00000000f2480000)
  to   space 224768K, 0% used [0x00000000f2480000,0x00000000f2480000,0x0000000100000000)
 ParOldGen       total 1350656K, used 1350499K [0x0000000084600000, 0x00000000d6d00000, 0x00000000d6d00000)
  object space 1350656K, 99% used [0x0000000084600000,0x00000000d6cd8c38,0x00000000d6d00000)
 Metaspace       used 11999K, capacity 12190K, committed 12288K, reserved 1060864K
  class space    used 1453K, capacity 1527K, committed 1536K, reserved 1048576K
}
Event: 189.319 GC heap before
{Heap before GC invocations=49 (full 22):
 PSYoungGen      total 450048K, used 225280K [0x00000000d6d00000, 0x0000000100000000, 0x0000000100000000)
  eden space 225280K, 100% used [0x00000000d6d00000,0x00000000e4900000,0x00000000e4900000)
  from space 224768K, 0% used [0x00000000e4900000,0x00000000e4900000,0x00000000f2480000)
  to   space 224768K, 0% used [0x00000000f2480000,0x00000000f2480000,0x0000000100000000)
 ParOldGen       total 1350656K, used 1350499K [0x0000000084600000, 0x00000000d6d00000, 0x00000000d6d00000)
  object space 1350656K, 99% used [0x0000000084600000,0x00000000d6cd8c38,0x00000000d6d00000)
 Metaspace       used 12010K, capacity 12196K, committed 12288K, reserved 1060864K
  class space    used 1454K, capacity 1528K, committed 1536K, reserved 1048576K
Event: 195.265 GC heap after
Heap after GC invocations=49 (full 22):
 PSYoungGen      total 450048K, used 109264K [0x00000000d6d00000, 0x0000000100000000, 0x0000000100000000)
  eden space 225280K, 48% used [0x00000000d6d00000,0x00000000dd7b40c0,0x00000000e4900000)
  from space 224768K, 0% used [0x00000000e4900000,0x00000000e4900000,0x00000000f2480000)
  to   space 224768K, 0% used [0x00000000f2480000,0x00000000f2480000,0x0000000100000000)
 ParOldGen       total 1350656K, used 1350238K [0x0000000084600000, 0x00000000d6d00000, 0x00000000d6d00000)
  object space 1350656K, 99% used [0x0000000084600000,0x00000000d6c97a48,0x00000000d6d00000)
 Metaspace       used 12010K, capacity 12196K, committed 12288K, reserved 1060864K
  class space    used 1454K, capacity 1528K, committed 1536K, reserved 1048576K
}

