# JRE version: Java(TM) SE Runtime Environment (8.0_131-b11) (build 1.8.0_131-b11)
# Java VM: Java HotSpot(TM) 64-Bit Server VM (25.131-b11 mixed mode linux-amd64 compressed oops)
Heap:
 PSYoungGen      total 450048K, used 212295K [0x00000000d6d00000, 0x0000000100000000, 0x0000000100000000)
  eden space 225280K, 94% used [0x00000000d6d00000,0x00000000e3c51fe8,0x00000000e4900000)
  from space 224768K, 0% used [0x00000000e4900000,0x00000000e4900000,0x00000000f2480000)
  to   space 224768K, 0% used [0x00000000f2480000,0x00000000f2480000,0x0000000100000000)
 ParOldGen       total 1350656K, used 1350464K [0x0000000084600000, 0x00000000d6d00000, 0x00000000d6d00000)
  object space 1350656K, 99% used [0x0000000084600000,0x00000000d6cd01e8,0x00000000d6d00000)
 Metaspace       used 12067K, capacity 12328K, committed 12544K, reserved 1060864K
  class space    used 1457K, capacity 1528K, committed 1536K, reserved 1048576K
GC Heap History (10 events):
Event: 180.854 GC heap before
{Heap before GC invocations=78 (full 41):
 PSYoungGen      total 450048K, used 225280K [0x00000000d6d00000, 0x0000000100000000, 0x0000000100000000)
  eden space 225280K, 100% used [0x00000000d6d00000,0x00000000e4900000,0x00000000e4900000)
  from space 224768K, 0% used [0x00000000e4900000,0x00000000e4900000,0x00000000f2480000)
  to   space 224768K, 0% used [0x00000000f2480000,0x00000000f2480000,0x0000000100000000)
 ParOldGen       total 1350656K, used 1350535K [0x0000000084600000, 0x00000000d6d00000, 0x00000000d6d00000)
  object space 1350656K, 99% used [0x0000000084600000,0x00000000d6ce1da0,0x00000000d6d00000)
 Metaspace       used 12060K, capacity 12322K, committed 12544K, reserved 1060864K
  class space    used 1457K, capacity 1527K, committed 1536K, reserved 1048576K
Event: 182.339 GC heap after
Heap after GC invocations=78 (full 41):
 PSYoungGen      total 450048K, used 137159K [0x00000000d6d00000, 0x0000000100000000, 0x0000000100000000)
  eden space 225280K, 60% used [0x00000000d6d00000,0x00000000df2f1fd0,0x00000000e4900000)
  from space 224768K, 0% used [0x00000000e4900000,0x00000000e4900000,0x00000000f2480000)
  to   space 224768K, 0% used [0x00000000f2480000,0x00000000f2480000,0x0000000100000000)
 ParOldGen       total 1350656K, used 1350467K [0x0000000084600000, 0x00000000d6d00000, 0x00000000d6d00000)
  object space 1350656K, 99% used [0x0000000084600000,0x00000000d6cd0c20,0x00000000d6d00000)
 Metaspace       used 12060K, capacity 12322K, committed 12544K, reserved 1060864K
  class space    used 1457K, capacity 1527K, committed 1536K, reserved 1048576K
}
Event: 182.452 GC heap before
{Heap before GC invocations=79 (full 42):
 PSYoungGen      total 450048K, used 225280K [0x00000000d6d00000, 0x0000000100000000, 0x0000000100000000)
  eden space 225280K, 100% used [0x00000000d6d00000,0x00000000e4900000,0x00000000e4900000)
  from space 224768K, 0% used [0x00000000e4900000,0x00000000e4900000,0x00000000f2480000)
  to   space 224768K, 0% used [0x00000000f2480000,0x00000000f2480000,0x0000000100000000)
 ParOldGen       total 1350656K, used 1350467K [0x0000000084600000, 0x00000000d6d00000, 0x00000000d6d00000)
  object space 1350656K, 99% used [0x0000000084600000,0x00000000d6cd0c20,0x00000000d6d00000)
 Metaspace       used 12066K, capacity 12328K, committed 12544K, reserved 1060864K
  class space    used 1457K, capacity 1528K, committed 1536K, reserved 1048576K
Event: 185.022 GC heap after
Heap after GC invocations=79 (full 42):
 PSYoungGen      total 450048K, used 138792K [0x00000000d6d00000, 0x0000000100000000, 0x0000000100000000)
  eden space 225280K, 61% used [0x00000000d6d00000,0x00000000df48a2f0,0x00000000e4900000)
  from space 224768K, 0% used [0x00000000e4900000,0x00000000e4900000,0x00000000f2480000)
  to   space 224768K, 0% used [0x00000000f2480000,0x00000000f2480000,0x0000000100000000)
 ParOldGen       total 1350656K, used 1350464K [0x0000000084600000, 0x00000000d6d00000, 0x00000000d6d00000)
  object space 1350656K, 99% used [0x0000000084600000,0x00000000d6cd0200,0x00000000d6d00000)
 Metaspace       used 12066K, capacity 12328K, committed 12544K, reserved 1060864K
  class space    used 1457K, capacity 1528K, committed 1536K, reserved 1048576K
}
Event: 185.117 GC heap before
{Heap before GC invocations=80 (full 43):
 PSYoungGen      total 450048K, used 225280K [0x00000000d6d00000, 0x0000000100000000, 0x0000000100000000)
  eden space 225280K, 100% used [0x00000000d6d00000,0x00000000e4900000,0x00000000e4900000)
  from space 224768K, 0% used [0x00000000e4900000,0x00000000e4900000,0x00000000f2480000)
  to   space 224768K, 0% used [0x00000000f2480000,0x00000000f2480000,0x0000000100000000)
 ParOldGen       total 1350656K, used 1350464K [0x0000000084600000, 0x00000000d6d00000, 0x00000000d6d00000)
  object space 1350656K, 99% used [0x0000000084600000,0x00000000d6cd0200,0x00000000d6d00000)
 Metaspace       used 12067K, capacity 12328K, committed 12544K, reserved 1060864K
  class space    used 1457K, capacity 1528K, committed 1536K, reserved 1048576K
Event: 186.745 GC heap after
Heap after GC invocations=80 (full 43):
 PSYoungGen      total 450048K, used 150470K [0x00000000d6d00000, 0x0000000100000000, 0x0000000100000000)
  eden space 225280K, 66% used [0x00000000d6d00000,0x00000000dfff1808,0x00000000e4900000)
  from space 224768K, 0% used [0x00000000e4900000,0x00000000e4900000,0x00000000f2480000)
  to   space 224768K, 0% used [0x00000000f2480000,0x00000000f2480000,0x0000000100000000)
 ParOldGen       total 1350656K, used 1350464K [0x0000000084600000, 0x00000000d6d00000, 0x00000000d6d00000)
  object space 1350656K, 99% used [0x0000000084600000,0x00000000d6cd0200,0x00000000d6d00000)
 Metaspace       used 12067K, capacity 12328K, committed 12544K, reserved 1060864K
  class space    used 1457K, capacity 1528K, committed 1536K, reserved 1048576K
}
Event: 186.828 GC heap before
{Heap before GC invocations=81 (full 44):
 PSYoungGen      total 450048K, used 225280K [0x00000000d6d00000, 0x0000000100000000, 0x0000000100000000)
  eden space 225280K, 100% used [0x00000000d6d00000,0x00000000e4900000,0x00000000e4900000)
  from space 224768K, 0% used [0x00000000e4900000,0x00000000e4900000,0x00000000f2480000)
  to   space 224768K, 0% used [0x00000000f2480000,0x00000000f2480000,0x0000000100000000)
 ParOldGen       total 1350656K, used 1350464K [0x0000000084600000, 0x00000000d6d00000, 0x00000000d6d00000)
  object space 1350656K, 99% used [0x0000000084600000,0x00000000d6cd0200,0x00000000d6d00000)
 Metaspace       used 12067K, capacity 12328K, committed 12544K, reserved 1060864K
  class space    used 1457K, capacity 1528K, committed 1536K, reserved 1048576K
Event: 188.449 GC heap after
Heap after GC invocations=81 (full 44):
 PSYoungGen      total 450048K, used 160987K [0x00000000d6d00000, 0x0000000100000000, 0x0000000100000000)
  eden space 225280K, 71% used [0x00000000d6d00000,0x00000000e0a36f10,0x00000000e4900000)
  from space 224768K, 0% used [0x00000000e4900000,0x00000000e4900000,0x00000000f2480000)
  to   space 224768K, 0% used [0x00000000f2480000,0x00000000f2480000,0x0000000100000000)
 ParOldGen       total 1350656K, used 1350464K [0x0000000084600000, 0x00000000d6d00000, 0x00000000d6d00000)
  object space 1350656K, 99% used [0x0000000084600000,0x00000000d6cd0200,0x00000000d6d00000)
 Metaspace       used 12067K, capacity 12328K, committed 12544K, reserved 1060864K
  class space    used 1457K, capacity 1528K, committed 1536K, reserved 1048576K
}
Event: 188.500 GC heap before
{Heap before GC invocations=82 (full 45):
 PSYoungGen      total 450048K, used 225280K [0x00000000d6d00000, 0x0000000100000000, 0x0000000100000000)
  eden space 225280K, 100% used [0x00000000d6d00000,0x00000000e4900000,0x00000000e4900000)
  from space 224768K, 0% used [0x00000000e4900000,0x00000000e4900000,0x00000000f2480000)
  to   space 224768K, 0% used [0x00000000f2480000,0x00000000f2480000,0x0000000100000000)
 ParOldGen       total 1350656K, used 1350464K [0x0000000084600000, 0x00000000d6d00000, 0x00000000d6d00000)
  object space 1350656K, 99% used [0x0000000084600000,0x00000000d6cd0200,0x00000000d6d00000)
 Metaspace       used 12067K, capacity 12328K, committed 12544K, reserved 1060864K
  class space    used 1457K, capacity 1528K, committed 1536K, reserved 1048576K
Event: 190.052 GC heap after
Heap after GC invocations=82 (full 45):
 PSYoungGen      total 450048K, used 195581K [0x00000000d6d00000, 0x0000000100000000, 0x0000000100000000)
  eden space 225280K, 86% used [0x00000000d6d00000,0x00000000e2bff5c8,0x00000000e4900000)
  from space 224768K, 0% used [0x00000000e4900000,0x00000000e4900000,0x00000000f2480000)
  to   space 224768K, 0% used [0x00000000f2480000,0x00000000f2480000,0x0000000100000000)
 ParOldGen       total 1350656K, used 1350464K [0x0000000084600000, 0x00000000d6d00000, 0x00000000d6d00000)
  object space 1350656K, 99% used [0x0000000084600000,0x00000000d6cd01e8,0x00000000d6d00000)
 Metaspace       used 12067K, capacity 12328K, committed 12544K, reserved 1060864K
  class space    used 1457K, capacity 1528K, committed 1536K, reserved 1048576K
}

