# JRE version: Java(TM) SE Runtime Environment (8.0_131-b11) (build 1.8.0_131-b11)
# Java VM: Java HotSpot(TM) 64-Bit Server VM (25.131-b11 mixed mode linux-amd64 compressed oops)
Heap:
 PSYoungGen      total 450048K, used 169372K [0x00000000d6d00000, 0x0000000100000000, 0x0000000100000000)
  eden space 225280K, 75% used [0x00000000d6d00000,0x00000000e1267028,0x00000000e4900000)
  from space 224768K, 0% used [0x00000000f2480000,0x00000000f2480000,0x0000000100000000)
  to   space 224768K, 0% used [0x00000000e4900000,0x00000000e4900000,0x00000000f2480000)
 ParOldGen       total 1350656K, used 1341072K [0x0000000084600000, 0x00000000d6d00000, 0x00000000d6d00000)
  object space 1350656K, 99% used [0x0000000084600000,0x00000000d63a4160,0x00000000d6d00000)
 Metaspace       used 12075K, capacity 12316K, committed 12544K, reserved 1060864K
  class space    used 1457K, capacity 1528K, committed 1536K, reserved 1048576K
GC Heap History (10 events):
Event: 181.585 GC heap before
{Heap before GC invocations=76 (full 40):
 PSYoungGen      total 450048K, used 225280K [0x00000000d6d00000, 0x0000000100000000, 0x0000000100000000)
  eden space 225280K, 100% used [0x00000000d6d00000,0x00000000e4900000,0x00000000e4900000)
  from space 224768K, 0% used [0x00000000f2480000,0x00000000f2480000,0x0000000100000000)
  to   space 224768K, 0% used [0x00000000e4900000,0x00000000e4900000,0x00000000f2480000)
 ParOldGen       total 1350656K, used 1350378K [0x0000000084600000, 0x00000000d6d00000, 0x00000000d6d00000)
  object space 1350656K, 99% used [0x0000000084600000,0x00000000d6cba9b8,0x00000000d6d00000)
 Metaspace       used 12066K, capacity 12310K, committed 12544K, reserved 1060864K
  class space    used 1456K, capacity 1527K, committed 1536K, reserved 1048576K
Event: 183.589 GC heap after
Heap after GC invocations=76 (full 40):
 PSYoungGen      total 450048K, used 219428K [0x00000000d6d00000, 0x0000000100000000, 0x0000000100000000)
  eden space 225280K, 97% used [0x00000000d6d00000,0x00000000e4349288,0x00000000e4900000)
  from space 224768K, 0% used [0x00000000f2480000,0x00000000f2480000,0x0000000100000000)
  to   space 224768K, 0% used [0x00000000e4900000,0x00000000e4900000,0x00000000f2480000)
 ParOldGen       total 1350656K, used 1350323K [0x0000000084600000, 0x00000000d6d00000, 0x00000000d6d00000)
  object space 1350656K, 99% used [0x0000000084600000,0x00000000d6cacc60,0x00000000d6d00000)
 Metaspace       used 12066K, capacity 12310K, committed 12544K, reserved 1060864K
  class space    used 1456K, capacity 1527K, committed 1536K, reserved 1048576K
}
Event: 183.596 GC heap before
{Heap before GC invocations=77 (full 41):
 PSYoungGen      total 450048K, used 225280K [0x00000000d6d00000, 0x0000000100000000, 0x0000000100000000)
  eden space 225280K, 100% used [0x00000000d6d00000,0x00000000e4900000,0x00000000e4900000)
  from space 224768K, 0% used [0x00000000f2480000,0x00000000f2480000,0x0000000100000000)
  to   space 224768K, 0% used [0x00000000e4900000,0x00000000e4900000,0x00000000f2480000)
 ParOldGen       total 1350656K, used 1350323K [0x0000000084600000, 0x00000000d6d00000, 0x00000000d6d00000)
  object space 1350656K, 99% used [0x0000000084600000,0x00000000d6cacc60,0x00000000d6d00000)
 Metaspace       used 12072K, capacity 12316K, committed 12544K, reserved 1060864K
  class space    used 1457K, capacity 1528K, committed 1536K, reserved 1048576K
Event: 186.931 GC heap after
Heap after GC invocations=77 (full 41):
 PSYoungGen      total 450048K, used 218881K [0x00000000d6d00000, 0x0000000100000000, 0x0000000100000000)
  eden space 225280K, 97% used [0x00000000d6d00000,0x00000000e42c06e0,0x00000000e4900000)
  from space 224768K, 0% used [0x00000000f2480000,0x00000000f2480000,0x0000000100000000)
  to   space 224768K, 0% used [0x00000000e4900000,0x00000000e4900000,0x00000000f2480000)
 ParOldGen       total 1350656K, used 1350278K [0x0000000084600000, 0x00000000d6d00000, 0x00000000d6d00000)
  object space 1350656K, 99% used [0x0000000084600000,0x00000000d6ca1a00,0x00000000d6d00000)
 Metaspace       used 12072K, capacity 12316K, committed 12544K, reserved 1060864K
  class space    used 1457K, capacity 1528K, committed 1536K, reserved 1048576K
}
Event: 187.042 GC heap before
{Heap before GC invocations=78 (full 42):
 PSYoungGen      total 450048K, used 225280K [0x00000000d6d00000, 0x0000000100000000, 0x0000000100000000)
  eden space 225280K, 100% used [0x00000000d6d00000,0x00000000e4900000,0x00000000e4900000)
  from space 224768K, 0% used [0x00000000f2480000,0x00000000f2480000,0x0000000100000000)
  to   space 224768K, 0% used [0x00000000e4900000,0x00000000e4900000,0x00000000f2480000)
 ParOldGen       total 1350656K, used 1350278K [0x0000000084600000, 0x00000000d6d00000, 0x00000000d6d00000)
  object space 1350656K, 99% used [0x0000000084600000,0x00000000d6ca1a00,0x00000000d6d00000)
 Metaspace       used 12072K, capacity 12316K, committed 12544K, reserved 1060864K
  class space    used 1457K, capacity 1528K, committed 1536K, reserved 1048576K
Event: 191.356 GC heap after
Heap after GC invocations=78 (full 42):
 PSYoungGen      total 450048K, used 210038K [0x00000000d6d00000, 0x0000000100000000, 0x0000000100000000)
  eden space 225280K, 93% used [0x00000000d6d00000,0x00000000e3a1da58,0x00000000e4900000)
  from space 224768K, 0% used [0x00000000f2480000,0x00000000f2480000,0x0000000100000000)
  to   space 224768K, 0% used [0x00000000e4900000,0x00000000e4900000,0x00000000f2480000)
 ParOldGen       total 1350656K, used 1350551K [0x0000000084600000, 0x00000000d6d00000, 0x00000000d6d00000)
  object space 1350656K, 99% used [0x0000000084600000,0x00000000d6ce5f40,0x00000000d6d00000)
 Metaspace       used 12072K, capacity 12316K, committed 12544K, reserved 1060864K
  class space    used 1457K, capacity 1528K, committed 1536K, reserved 1048576K
}
Event: 191.460 GC heap before
{Heap before GC invocations=79 (full 43):
 PSYoungGen      total 450048K, used 225280K [0x00000000d6d00000, 0x0000000100000000, 0x0000000100000000)
  eden space 225280K, 100% used [0x00000000d6d00000,0x00000000e4900000,0x00000000e4900000)
  from space 224768K, 0% used [0x00000000f2480000,0x00000000f2480000,0x0000000100000000)
  to   space 224768K, 0% used [0x00000000e4900000,0x00000000e4900000,0x00000000f2480000)
 ParOldGen       total 1350656K, used 1350551K [0x0000000084600000, 0x00000000d6d00000, 0x00000000d6d00000)
  object space 1350656K, 99% used [0x0000000084600000,0x00000000d6ce5f40,0x00000000d6d00000)
 Metaspace       used 12072K, capacity 12316K, committed 12544K, reserved 1060864K
  class space    used 1457K, capacity 1528K, committed 1536K, reserved 1048576K
Event: 193.497 GC heap after
Heap after GC invocations=79 (full 43):
 PSYoungGen      total 450048K, used 187708K [0x00000000d6d00000, 0x0000000100000000, 0x0000000100000000)
  eden space 225280K, 83% used [0x00000000d6d00000,0x00000000e244f258,0x00000000e4900000)
  from space 224768K, 0% used [0x00000000f2480000,0x00000000f2480000,0x0000000100000000)
  to   space 224768K, 0% used [0x00000000e4900000,0x00000000e4900000,0x00000000f2480000)
 ParOldGen       total 1350656K, used 1346667K [0x0000000084600000, 0x00000000d6d00000, 0x00000000d6d00000)
  object space 1350656K, 99% used [0x0000000084600000,0x00000000d691ad58,0x00000000d6d00000)
 Metaspace       used 12072K, capacity 12316K, committed 12544K, reserved 1060864K
  class space    used 1457K, capacity 1528K, committed 1536K, reserved 1048576K
}
Event: 193.739 GC heap before
{Heap before GC invocations=80 (full 44):
 PSYoungGen      total 450048K, used 225280K [0x00000000d6d00000, 0x0000000100000000, 0x0000000100000000)
  eden space 225280K, 100% used [0x00000000d6d00000,0x00000000e4900000,0x00000000e4900000)
  from space 224768K, 0% used [0x00000000f2480000,0x00000000f2480000,0x0000000100000000)
  to   space 224768K, 0% used [0x00000000e4900000,0x00000000e4900000,0x00000000f2480000)
 ParOldGen       total 1350656K, used 1346667K [0x0000000084600000, 0x00000000d6d00000, 0x00000000d6d00000)
  object space 1350656K, 99% used [0x0000000084600000,0x00000000d691ad58,0x00000000d6d00000)
 Metaspace       used 12075K, capacity 12316K, committed 12544K, reserved 1060864K
  class space    used 1457K, capacity 1528K, committed 1536K, reserved 1048576K
Event: 196.562 GC heap after
Heap after GC invocations=80 (full 44):
 PSYoungGen      total 450048K, used 128582K [0x00000000d6d00000, 0x0000000100000000, 0x0000000100000000)
  eden space 225280K, 57% used [0x00000000d6d00000,0x00000000dea91b70,0x00000000e4900000)
  from space 224768K, 0% used [0x00000000f2480000,0x00000000f2480000,0x0000000100000000)
  to   space 224768K, 0% used [0x00000000e4900000,0x00000000e4900000,0x00000000f2480000)
 ParOldGen       total 1350656K, used 1341072K [0x0000000084600000, 0x00000000d6d00000, 0x00000000d6d00000)
  object space 1350656K, 99% used [0x0000000084600000,0x00000000d63a4160,0x00000000d6d00000)
 Metaspace       used 12075K, capacity 12316K, committed 12544K, reserved 1060864K
  class space    used 1457K, capacity 1528K, committed 1536K, reserved 1048576K
}

