# JRE version: Java(TM) SE Runtime Environment (8.0_131-b11) (build 1.8.0_131-b11)
# Java VM: Java HotSpot(TM) 64-Bit Server VM (25.131-b11 mixed mode linux-amd64 compressed oops)
Heap:
 PSYoungGen      total 450048K, used 105585K [0x00000000d6d00000, 0x0000000100000000, 0x0000000100000000)
  eden space 225280K, 46% used [0x00000000d6d00000,0x00000000dd41c7e0,0x00000000e4900000)
  from space 224768K, 0% used [0x00000000e4900000,0x00000000e4900000,0x00000000f2480000)
  to   space 224768K, 0% used [0x00000000f2480000,0x00000000f2480000,0x0000000100000000)
 ParOldGen       total 1350656K, used 1350432K [0x0000000084600000, 0x00000000d6d00000, 0x00000000d6d00000)
  object space 1350656K, 99% used [0x0000000084600000,0x00000000d6cc8258,0x00000000d6d00000)
 Metaspace       used 12083K, capacity 12310K, committed 12544K, reserved 1060864K
  class space    used 1459K, capacity 1527K, committed 1536K, reserved 1048576K
GC Heap History (10 events):
Event: 249.701 GC heap before
{Heap before GC invocations=76 (full 41):
 PSYoungGen      total 450048K, used 225280K [0x00000000d6d00000, 0x0000000100000000, 0x0000000100000000)
  eden space 225280K, 100% used [0x00000000d6d00000,0x00000000e4900000,0x00000000e4900000)
  from space 224768K, 0% used [0x00000000e4900000,0x00000000e4900000,0x00000000f2480000)
  to   space 224768K, 0% used [0x00000000f2480000,0x00000000f2480000,0x0000000100000000)
 ParOldGen       total 1350656K, used 1350511K [0x0000000084600000, 0x00000000d6d00000, 0x00000000d6d00000)
  object space 1350656K, 99% used [0x0000000084600000,0x00000000d6cdbd40,0x00000000d6d00000)
 Metaspace       used 12083K, capacity 12310K, committed 12544K, reserved 1060864K
  class space    used 1459K, capacity 1527K, committed 1536K, reserved 1048576K
Event: 251.605 GC heap after
Heap after GC invocations=76 (full 41):
 PSYoungGen      total 450048K, used 169286K [0x00000000d6d00000, 0x0000000100000000, 0x0000000100000000)
  eden space 225280K, 75% used [0x00000000d6d00000,0x00000000e1251aa0,0x00000000e4900000)
  from space 224768K, 0% used [0x00000000e4900000,0x00000000e4900000,0x00000000f2480000)
  to   space 224768K, 0% used [0x00000000f2480000,0x00000000f2480000,0x0000000100000000)
 ParOldGen       total 1350656K, used 1344112K [0x0000000084600000, 0x00000000d6d00000, 0x00000000d6d00000)
  object space 1350656K, 99% used [0x0000000084600000,0x00000000d669c230,0x00000000d6d00000)
 Metaspace       used 12083K, capacity 12310K, committed 12544K, reserved 1060864K
  class space    used 1459K, capacity 1527K, committed 1536K, reserved 1048576K
}
Event: 251.703 GC heap before
{Heap before GC invocations=77 (full 42):
 PSYoungGen      total 450048K, used 225280K [0x00000000d6d00000, 0x0000000100000000, 0x0000000100000000)
  eden space 225280K, 100% used [0x00000000d6d00000,0x00000000e4900000,0x00000000e4900000)
  from space 224768K, 0% used [0x00000000e4900000,0x00000000e4900000,0x00000000f2480000)
  to   space 224768K, 0% used [0x00000000f2480000,0x00000000f2480000,0x0000000100000000)
 ParOldGen       total 1350656K, used 1344112K [0x0000000084600000, 0x00000000d6d00000, 0x00000000d6d00000)
  object space 1350656K, 99% used [0x0000000084600000,0x00000000d669c230,0x00000000d6d00000)
 Metaspace       used 12083K, capacity 12310K, committed 12544K, reserved 1060864K
  class space    used 1459K, capacity 1527K, committed 1536K, reserved 1048576K
Event: 254.283 GC heap after
Heap after GC invocations=77 (full 42):
 PSYoungGen      total 450048K, used 125153K [0x00000000d6d00000, 0x0000000100000000, 0x0000000100000000)
  eden space 225280K, 55% used [0x00000000d6d00000,0x00000000de738660,0x00000000e4900000)
  from space 224768K, 0% used [0x00000000e4900000,0x00000000e4900000,0x00000000f2480000)
  to   space 224768K, 0% used [0x00000000f2480000,0x00000000f2480000,0x0000000100000000)
 ParOldGen       total 1350656K, used 1350647K [0x0000000084600000, 0x00000000d6d00000, 0x00000000d6d00000)
  object space 1350656K, 99% used [0x0000000084600000,0x00000000d6cfdc00,0x00000000d6d00000)
 Metaspace       used 12083K, capacity 12310K, committed 12544K, reserved 1060864K
  class space    used 1459K, capacity 1527K, committed 1536K, reserved 1048576K
}
Event: 254.460 GC heap before
{Heap before GC invocations=78 (full 43):
 PSYoungGen      total 450048K, used 225280K [0x00000000d6d00000, 0x0000000100000000, 0x0000000100000000)
  eden space 225280K, 100% used [0x00000000d6d00000,0x00000000e4900000,0x00000000e4900000)
  from space 224768K, 0% used [0x00000000e4900000,0x00000000e4900000,0x00000000f2480000)
  to   space 224768K, 0% used [0x00000000f2480000,0x00000000f2480000,0x0000000100000000)
 ParOldGen       total 1350656K, used 1350647K [0x0000000084600000, 0x00000000d6d00000, 0x00000000d6d00000)
  object space 1350656K, 99% used [0x0000000084600000,0x00000000d6cfdc00,0x00000000d6d00000)
 Metaspace       used 12083K, capacity 12310K, committed 12544K, reserved 1060864K
  class space    used 1459K, capacity 1527K, committed 1536K, reserved 1048576K
Event: 256.789 GC heap after
Heap after GC invocations=78 (full 43):
 PSYoungGen      total 450048K, used 37594K [0x00000000d6d00000, 0x0000000100000000, 0x0000000100000000)
  eden space 225280K, 16% used [0x00000000d6d00000,0x00000000d91b6980,0x00000000e4900000)
  from space 224768K, 0% used [0x00000000e4900000,0x00000000e4900000,0x00000000f2480000)
  to   space 224768K, 0% used [0x00000000f2480000,0x00000000f2480000,0x0000000100000000)
 ParOldGen       total 1350656K, used 1350655K [0x0000000084600000, 0x00000000d6d00000, 0x00000000d6d00000)
  object space 1350656K, 99% used [0x0000000084600000,0x00000000d6cffd88,0x00000000d6d00000)
 Metaspace       used 12083K, capacity 12310K, committed 12544K, reserved 1060864K
  class space    used 1459K, capacity 1527K, committed 1536K, reserved 1048576K
}
Event: 257.156 GC heap before
{Heap before GC invocations=79 (full 44):
 PSYoungGen      total 450048K, used 225280K [0x00000000d6d00000, 0x0000000100000000, 0x0000000100000000)
  eden space 225280K, 100% used [0x00000000d6d00000,0x00000000e4900000,0x00000000e4900000)
  from space 224768K, 0% used [0x00000000e4900000,0x00000000e4900000,0x00000000f2480000)
  to   space 224768K, 0% used [0x00000000f2480000,0x00000000f2480000,0x0000000100000000)
 ParOldGen       total 1350656K, used 1350655K [0x0000000084600000, 0x00000000d6d00000, 0x00000000d6d00000)
  object space 1350656K, 99% used [0x0000000084600000,0x00000000d6cffd88,0x00000000d6d00000)
 Metaspace       used 12083K, capacity 12310K, committed 12544K, reserved 1060864K
  class space    used 1459K, capacity 1527K, committed 1536K, reserved 1048576K
Event: 259.054 GC heap after
Heap after GC invocations=79 (full 44):
 PSYoungGen      total 450048K, used 33298K [0x00000000d6d00000, 0x0000000100000000, 0x0000000100000000)
  eden space 225280K, 14% used [0x00000000d6d00000,0x00000000d8d84800,0x00000000e4900000)
  from space 224768K, 0% used [0x00000000e4900000,0x00000000e4900000,0x00000000f2480000)
  to   space 224768K, 0% used [0x00000000f2480000,0x00000000f2480000,0x0000000100000000)
 ParOldGen       total 1350656K, used 1350470K [0x0000000084600000, 0x00000000d6d00000, 0x00000000d6d00000)
  object space 1350656K, 99% used [0x0000000084600000,0x00000000d6cd1a20,0x00000000d6d00000)
 Metaspace       used 12083K, capacity 12310K, committed 12544K, reserved 1060864K
  class space    used 1459K, capacity 1527K, committed 1536K, reserved 1048576K
}
Event: 259.200 GC heap before
{Heap before GC invocations=80 (full 45):
 PSYoungGen      total 450048K, used 225280K [0x00000000d6d00000, 0x0000000100000000, 0x0000000100000000)
  eden space 225280K, 100% used [0x00000000d6d00000,0x00000000e4900000,0x00000000e4900000)
  from space 224768K, 0% used [0x00000000e4900000,0x00000000e4900000,0x00000000f2480000)
  to   space 224768K, 0% used [0x00000000f2480000,0x00000000f2480000,0x0000000100000000)
 ParOldGen       total 1350656K, used 1350470K [0x0000000084600000, 0x00000000d6d00000, 0x00000000d6d00000)
  object space 1350656K, 99% used [0x0000000084600000,0x00000000d6cd1a20,0x00000000d6d00000)
 Metaspace       used 12083K, capacity 12310K, committed 12544K, reserved 1060864K
  class space    used 1459K, capacity 1527K, committed 1536K, reserved 1048576K
Event: 261.612 GC heap after
Heap after GC invocations=80 (full 45):
 PSYoungGen      total 450048K, used 79699K [0x00000000d6d00000, 0x0000000100000000, 0x0000000100000000)
  eden space 225280K, 35% used [0x00000000d6d00000,0x00000000dbad4ca8,0x00000000e4900000)
  from space 224768K, 0% used [0x00000000e4900000,0x00000000e4900000,0x00000000f2480000)
  to   space 224768K, 0% used [0x00000000f2480000,0x00000000f2480000,0x0000000100000000)
 ParOldGen       total 1350656K, used 1350432K [0x0000000084600000, 0x00000000d6d00000, 0x00000000d6d00000)
  object space 1350656K, 99% used [0x0000000084600000,0x00000000d6cc8258,0x00000000d6d00000)
 Metaspace       used 12083K, capacity 12310K, committed 12544K, reserved 1060864K
  class space    used 1459K, capacity 1527K, committed 1536K, reserved 1048576K
}

