# JRE version: Java(TM) SE Runtime Environment (8.0_131-b11) (build 1.8.0_131-b11)
# Java VM: Java HotSpot(TM) 64-Bit Server VM (25.131-b11 mixed mode linux-amd64 compressed oops)
Heap:
 PSYoungGen      total 450048K, used 210805K [0x00000000d6d00000, 0x0000000100000000, 0x0000000100000000)
  eden space 225280K, 93% used [0x00000000d6d00000,0x00000000e3add460,0x00000000e4900000)
  from space 224768K, 0% used [0x00000000e4900000,0x00000000e4900000,0x00000000f2480000)
  to   space 224768K, 0% used [0x00000000f2480000,0x00000000f2480000,0x0000000100000000)
 ParOldGen       total 1350656K, used 1098780K [0x0000000084600000, 0x00000000d6d00000, 0x00000000d6d00000)
  object space 1350656K, 81% used [0x0000000084600000,0x00000000c7707338,0x00000000d6d00000)
 Metaspace       used 12080K, capacity 12328K, committed 12544K, reserved 1060864K
  class space    used 1457K, capacity 1528K, committed 1536K, reserved 1048576K
GC Heap History (10 events):
Event: 297.779 GC heap before
{Heap before GC invocations=72 (full 35):
 PSYoungGen      total 450048K, used 225280K [0x00000000d6d00000, 0x0000000100000000, 0x0000000100000000)
  eden space 225280K, 100% used [0x00000000d6d00000,0x00000000e4900000,0x00000000e4900000)
  from space 224768K, 0% used [0x00000000e4900000,0x00000000e4900000,0x00000000f2480000)
  to   space 224768K, 0% used [0x00000000f2480000,0x00000000f2480000,0x0000000100000000)
 ParOldGen       total 1350656K, used 1350436K [0x0000000084600000, 0x00000000d6d00000, 0x00000000d6d00000)
  object space 1350656K, 99% used [0x0000000084600000,0x00000000d6cc9018,0x00000000d6d00000)
 Metaspace       used 12066K, capacity 12322K, committed 12544K, reserved 1060864K
  class space    used 1456K, capacity 1527K, committed 1536K, reserved 1048576K
Event: 301.408 GC heap after
Heap after GC invocations=72 (full 35):
 PSYoungGen      total 450048K, used 172599K [0x00000000d6d00000, 0x0000000100000000, 0x0000000100000000)
  eden space 225280K, 76% used [0x00000000d6d00000,0x00000000e158deb0,0x00000000e4900000)
  from space 224768K, 0% used [0x00000000e4900000,0x00000000e4900000,0x00000000f2480000)
  to   space 224768K, 0% used [0x00000000f2480000,0x00000000f2480000,0x0000000100000000)
 ParOldGen       total 1350656K, used 1350198K [0x0000000084600000, 0x00000000d6d00000, 0x00000000d6d00000)
  object space 1350656K, 99% used [0x0000000084600000,0x00000000d6c8db18,0x00000000d6d00000)
 Metaspace       used 12066K, capacity 12322K, committed 12544K, reserved 1060864K
  class space    used 1456K, capacity 1527K, committed 1536K, reserved 1048576K
}
Event: 301.521 GC heap before
{Heap before GC invocations=73 (full 36):
 PSYoungGen      total 450048K, used 225280K [0x00000000d6d00000, 0x0000000100000000, 0x0000000100000000)
  eden space 225280K, 100% used [0x00000000d6d00000,0x00000000e4900000,0x00000000e4900000)
  from space 224768K, 0% used [0x00000000e4900000,0x00000000e4900000,0x00000000f2480000)
  to   space 224768K, 0% used [0x00000000f2480000,0x00000000f2480000,0x0000000100000000)
 ParOldGen       total 1350656K, used 1350198K [0x0000000084600000, 0x00000000d6d00000, 0x00000000d6d00000)
  object space 1350656K, 99% used [0x0000000084600000,0x00000000d6c8db18,0x00000000d6d00000)
 Metaspace       used 12069K, capacity 12322K, committed 12544K, reserved 1060864K
  class space    used 1457K, capacity 1527K, committed 1536K, reserved 1048576K
Event: 306.299 GC heap after
Heap after GC invocations=73 (full 36):
 PSYoungGen      total 450048K, used 166598K [0x00000000d6d00000, 0x0000000100000000, 0x0000000100000000)
  eden space 225280K, 73% used [0x00000000d6d00000,0x00000000e0fb1ac8,0x00000000e4900000)
  from space 224768K, 0% used [0x00000000e4900000,0x00000000e4900000,0x00000000f2480000)
  to   space 224768K, 0% used [0x00000000f2480000,0x00000000f2480000,0x0000000100000000)
 ParOldGen       total 1350656K, used 1350620K [0x0000000084600000, 0x00000000d6d00000, 0x00000000d6d00000)
  object space 1350656K, 99% used [0x0000000084600000,0x00000000d6cf72b8,0x00000000d6d00000)
 Metaspace       used 12069K, capacity 12322K, committed 12544K, reserved 1060864K
  class space    used 1457K, capacity 1527K, committed 1536K, reserved 1048576K
}
Event: 306.475 GC heap before
{Heap before GC invocations=74 (full 37):
 PSYoungGen      total 450048K, used 225280K [0x00000000d6d00000, 0x0000000100000000, 0x0000000100000000)
  eden space 225280K, 100% used [0x00000000d6d00000,0x00000000e4900000,0x00000000e4900000)
  from space 224768K, 0% used [0x00000000e4900000,0x00000000e4900000,0x00000000f2480000)
  to   space 224768K, 0% used [0x00000000f2480000,0x00000000f2480000,0x0000000100000000)
 ParOldGen       total 1350656K, used 1350620K [0x0000000084600000, 0x00000000d6d00000, 0x00000000d6d00000)
  object space 1350656K, 99% used [0x0000000084600000,0x00000000d6cf72b8,0x00000000d6d00000)
 Metaspace       used 12080K, capacity 12328K, committed 12544K, reserved 1060864K
  class space    used 1457K, capacity 1528K, committed 1536K, reserved 1048576K
Event: 310.269 GC heap after
Heap after GC invocations=74 (full 37):
 PSYoungGen      total 450048K, used 58967K [0x00000000d6d00000, 0x0000000100000000, 0x0000000100000000)
  eden space 225280K, 26% used [0x00000000d6d00000,0x00000000da695c78,0x00000000e4900000)
  from space 224768K, 0% used [0x00000000e4900000,0x00000000e4900000,0x00000000f2480000)
  to   space 224768K, 0% used [0x00000000f2480000,0x00000000f2480000,0x0000000100000000)
 ParOldGen       total 1350656K, used 1350649K [0x0000000084600000, 0x00000000d6d00000, 0x00000000d6d00000)
  object space 1350656K, 99% used [0x0000000084600000,0x00000000d6cfe460,0x00000000d6d00000)
 Metaspace       used 12080K, capacity 12328K, committed 12544K, reserved 1060864K
  class space    used 1457K, capacity 1528K, committed 1536K, reserved 1048576K
}
Event: 310.578 GC heap before
{Heap before GC invocations=75 (full 38):
 PSYoungGen      total 450048K, used 225280K [0x00000000d6d00000, 0x0000000100000000, 0x0000000100000000)
  eden space 225280K, 100% used [0x00000000d6d00000,0x00000000e4900000,0x00000000e4900000)
  from space 224768K, 0% used [0x00000000e4900000,0x00000000e4900000,0x00000000f2480000)
  to   space 224768K, 0% used [0x00000000f2480000,0x00000000f2480000,0x0000000100000000)
 ParOldGen       total 1350656K, used 1350649K [0x0000000084600000, 0x00000000d6d00000, 0x00000000d6d00000)
  object space 1350656K, 99% used [0x0000000084600000,0x00000000d6cfe460,0x00000000d6d00000)
 Metaspace       used 12080K, capacity 12328K, committed 12544K, reserved 1060864K
  class space    used 1457K, capacity 1528K, committed 1536K, reserved 1048576K
Event: 312.571 GC heap after
Heap after GC invocations=75 (full 38):
 PSYoungGen      total 450048K, used 0K [0x00000000d6d00000, 0x0000000100000000, 0x0000000100000000)
  eden space 225280K, 0% used [0x00000000d6d00000,0x00000000d6d00000,0x00000000e4900000)
  from space 224768K, 0% used [0x00000000e4900000,0x00000000e4900000,0x00000000f2480000)
  to   space 224768K, 0% used [0x00000000f2480000,0x00000000f2480000,0x0000000100000000)
 ParOldGen       total 1350656K, used 1271746K [0x0000000084600000, 0x00000000d6d00000, 0x00000000d6d00000)
  object space 1350656K, 94% used [0x0000000084600000,0x00000000d1ff09d8,0x00000000d6d00000)
 Metaspace       used 12080K, capacity 12328K, committed 12544K, reserved 1060864K
  class space    used 1457K, capacity 1528K, committed 1536K, reserved 1048576K
}
Event: 312.869 GC heap before
{Heap before GC invocations=76 (full 39):
 PSYoungGen      total 450048K, used 225280K [0x00000000d6d00000, 0x0000000100000000, 0x0000000100000000)
  eden space 225280K, 100% used [0x00000000d6d00000,0x00000000e4900000,0x00000000e4900000)
  from space 224768K, 0% used [0x00000000e4900000,0x00000000e4900000,0x00000000f2480000)
  to   space 224768K, 0% used [0x00000000f2480000,0x00000000f2480000,0x0000000100000000)
 ParOldGen       total 1350656K, used 1271746K [0x0000000084600000, 0x00000000d6d00000, 0x00000000d6d00000)
  object space 1350656K, 94% used [0x0000000084600000,0x00000000d1ff09d8,0x00000000d6d00000)
 Metaspace       used 12080K, capacity 12328K, committed 12544K, reserved 1060864K
  class space    used 1457K, capacity 1528K, committed 1536K, reserved 1048576K
Event: 314.088 GC heap after
Heap after GC invocations=76 (full 39):
 PSYoungGen      total 450048K, used 0K [0x00000000d6d00000, 0x0000000100000000, 0x0000000100000000)
  eden space 225280K, 0% used [0x00000000d6d00000,0x00000000d6d00000,0x00000000e4900000)
  from space 224768K, 0% used [0x00000000e4900000,0x00000000e4900000,0x00000000f2480000)
  to   space 224768K, 0% used [0x00000000f2480000,0x00000000f2480000,0x0000000100000000)
 ParOldGen       total 1350656K, used 1098780K [0x0000000084600000, 0x00000000d6d00000, 0x00000000d6d00000)
  object space 1350656K, 81% used [0x0000000084600000,0x00000000c7707338,0x00000000d6d00000)
 Metaspace       used 12080K, capacity 12328K, committed 12544K, reserved 1060864K
  class space    used 1457K, capacity 1528K, committed 1536K, reserved 1048576K
}

