# JRE version: Java(TM) SE Runtime Environment (8.0_131-b11) (build 1.8.0_131-b11)
# Java VM: Java HotSpot(TM) 64-Bit Server VM (25.131-b11 mixed mode linux-amd64 compressed oops)
Heap:
 PSYoungGen      total 450048K, used 168219K [0x00000000d6d00000, 0x00000000ffe00000, 0x0000000100000000)
  eden space 227328K, 73% used [0x00000000d6d00000,0x00000000e1146e30,0x00000000e4b00000)
  from space 222720K, 0% used [0x00000000f2480000,0x00000000f2480000,0x00000000ffe00000)
  to   space 222720K, 0% used [0x00000000e4b00000,0x00000000e4b00000,0x00000000f2480000)
 ParOldGen       total 1350656K, used 1333913K [0x0000000084600000, 0x00000000d6d00000, 0x00000000d6d00000)
  object space 1350656K, 98% used [0x0000000084600000,0x00000000d5ca65b8,0x00000000d6d00000)
 Metaspace       used 12079K, capacity 12322K, committed 12544K, reserved 1060864K
  class space    used 1457K, capacity 1527K, committed 1536K, reserved 1048576K
GC Heap History (10 events):
Event: 220.352 GC heap before
{Heap before GC invocations=69 (full 31):
 PSYoungGen      total 450048K, used 227328K [0x00000000d6d00000, 0x00000000ffe00000, 0x0000000100000000)
  eden space 227328K, 100% used [0x00000000d6d00000,0x00000000e4b00000,0x00000000e4b00000)
  from space 222720K, 0% used [0x00000000f2480000,0x00000000f2480000,0x00000000ffe00000)
  to   space 222720K, 0% used [0x00000000e4b00000,0x00000000e4b00000,0x00000000f2480000)
 ParOldGen       total 1350656K, used 1350478K [0x0000000084600000, 0x00000000d6d00000, 0x00000000d6d00000)
  object space 1350656K, 99% used [0x0000000084600000,0x00000000d6cd3920,0x00000000d6d00000)
 Metaspace       used 12079K, capacity 12322K, committed 12544K, reserved 1060864K
  class space    used 1457K, capacity 1527K, committed 1536K, reserved 1048576K
Event: 222.988 GC heap after
Heap after GC invocations=69 (full 31):
 PSYoungGen      total 450048K, used 161372K [0x00000000d6d00000, 0x00000000ffe00000, 0x0000000100000000)
  eden space 227328K, 70% used [0x00000000d6d00000,0x00000000e0a972d8,0x00000000e4b00000)
  from space 222720K, 0% used [0x00000000f2480000,0x00000000f2480000,0x00000000ffe00000)
  to   space 222720K, 0% used [0x00000000e4b00000,0x00000000e4b00000,0x00000000f2480000)
 ParOldGen       total 1350656K, used 1347293K [0x0000000084600000, 0x00000000d6d00000, 0x00000000d6d00000)
  object space 1350656K, 99% used [0x0000000084600000,0x00000000d69b77d0,0x00000000d6d00000)
 Metaspace       used 12079K, capacity 12322K, committed 12544K, reserved 1060864K
  class space    used 1457K, capacity 1527K, committed 1536K, reserved 1048576K
}
Event: 223.057 GC heap before
{Heap before GC invocations=70 (full 32):
 PSYoungGen      total 450048K, used 227328K [0x00000000d6d00000, 0x00000000ffe00000, 0x0000000100000000)
  eden space 227328K, 100% used [0x00000000d6d00000,0x00000000e4b00000,0x00000000e4b00000)
  from space 222720K, 0% used [0x00000000f2480000,0x00000000f2480000,0x00000000ffe00000)
  to   space 222720K, 0% used [0x00000000e4b00000,0x00000000e4b00000,0x00000000f2480000)
 ParOldGen       total 1350656K, used 1347293K [0x0000000084600000, 0x00000000d6d00000, 0x00000000d6d00000)
  object space 1350656K, 99% used [0x0000000084600000,0x00000000d69b77d0,0x00000000d6d00000)
 Metaspace       used 12079K, capacity 12322K, committed 12544K, reserved 1060864K
  class space    used 1457K, capacity 1527K, committed 1536K, reserved 1048576K
Event: 224.844 GC heap after
Heap after GC invocations=70 (full 32):
 PSYoungGen      total 450048K, used 155963K [0x00000000d6d00000, 0x00000000ffe00000, 0x0000000100000000)
  eden space 227328K, 68% used [0x00000000d6d00000,0x00000000e054eed0,0x00000000e4b00000)
  from space 222720K, 0% used [0x00000000f2480000,0x00000000f2480000,0x00000000ffe00000)
  to   space 222720K, 0% used [0x00000000e4b00000,0x00000000e4b00000,0x00000000f2480000)
 ParOldGen       total 1350656K, used 1348248K [0x0000000084600000, 0x00000000d6d00000, 0x00000000d6d00000)
  object space 1350656K, 99% used [0x0000000084600000,0x00000000d6aa6158,0x00000000d6d00000)
 Metaspace       used 12079K, capacity 12322K, committed 12544K, reserved 1060864K
  class space    used 1457K, capacity 1527K, committed 1536K, reserved 1048576K
}
Event: 224.949 GC heap before
{Heap before GC invocations=71 (full 33):
 PSYoungGen      total 450048K, used 227328K [0x00000000d6d00000, 0x00000000ffe00000, 0x0000000100000000)
  eden space 227328K, 100% used [0x00000000d6d00000,0x00000000e4b00000,0x00000000e4b00000)
  from space 222720K, 0% used [0x00000000f2480000,0x00000000f2480000,0x00000000ffe00000)
  to   space 222720K, 0% used [0x00000000e4b00000,0x00000000e4b00000,0x00000000f2480000)
 ParOldGen       total 1350656K, used 1348248K [0x0000000084600000, 0x00000000d6d00000, 0x00000000d6d00000)
  object space 1350656K, 99% used [0x0000000084600000,0x00000000d6aa6158,0x00000000d6d00000)
 Metaspace       used 12079K, capacity 12322K, committed 12544K, reserved 1060864K
  class space    used 1457K, capacity 1527K, committed 1536K, reserved 1048576K
Event: 226.618 GC heap after
Heap after GC invocations=71 (full 33):
 PSYoungGen      total 450048K, used 119386K [0x00000000d6d00000, 0x00000000ffe00000, 0x0000000100000000)
  eden space 227328K, 52% used [0x00000000d6d00000,0x00000000de196b48,0x00000000e4b00000)
  from space 222720K, 0% used [0x00000000f2480000,0x00000000f2480000,0x00000000ffe00000)
  to   space 222720K, 0% used [0x00000000e4b00000,0x00000000e4b00000,0x00000000f2480000)
 ParOldGen       total 1350656K, used 1350505K [0x0000000084600000, 0x00000000d6d00000, 0x00000000d6d00000)
  object space 1350656K, 99% used [0x0000000084600000,0x00000000d6cda650,0x00000000d6d00000)
 Metaspace       used 12079K, capacity 12322K, committed 12544K, reserved 1060864K
  class space    used 1457K, capacity 1527K, committed 1536K, reserved 1048576K
}
Event: 226.744 GC heap before
{Heap before GC invocations=72 (full 34):
 PSYoungGen      total 450048K, used 227328K [0x00000000d6d00000, 0x00000000ffe00000, 0x0000000100000000)
  eden space 227328K, 100% used [0x00000000d6d00000,0x00000000e4b00000,0x00000000e4b00000)
  from space 222720K, 0% used [0x00000000f2480000,0x00000000f2480000,0x00000000ffe00000)
  to   space 222720K, 0% used [0x00000000e4b00000,0x00000000e4b00000,0x00000000f2480000)
 ParOldGen       total 1350656K, used 1350505K [0x0000000084600000, 0x00000000d6d00000, 0x00000000d6d00000)
  object space 1350656K, 99% used [0x0000000084600000,0x00000000d6cda650,0x00000000d6d00000)
 Metaspace       used 12079K, capacity 12322K, committed 12544K, reserved 1060864K
  class space    used 1457K, capacity 1527K, committed 1536K, reserved 1048576K
Event: 228.243 GC heap after
Heap after GC invocations=72 (full 34):
 PSYoungGen      total 450048K, used 47073K [0x00000000d6d00000, 0x00000000ffe00000, 0x0000000100000000)
  eden space 227328K, 20% used [0x00000000d6d00000,0x00000000d9af87c0,0x00000000e4b00000)
  from space 222720K, 0% used [0x00000000f2480000,0x00000000f2480000,0x00000000ffe00000)
  to   space 222720K, 0% used [0x00000000e4b00000,0x00000000e4b00000,0x00000000f2480000)
 ParOldGen       total 1350656K, used 1350191K [0x0000000084600000, 0x00000000d6d00000, 0x00000000d6d00000)
  object space 1350656K, 99% used [0x0000000084600000,0x00000000d6c8bca8,0x00000000d6d00000)
 Metaspace       used 12079K, capacity 12322K, committed 12544K, reserved 1060864K
  class space    used 1457K, capacity 1527K, committed 1536K, reserved 1048576K
}
Event: 228.439 GC heap before
{Heap before GC invocations=73 (full 35):
 PSYoungGen      total 450048K, used 227328K [0x00000000d6d00000, 0x00000000ffe00000, 0x0000000100000000)
  eden space 227328K, 100% used [0x00000000d6d00000,0x00000000e4b00000,0x00000000e4b00000)
  from space 222720K, 0% used [0x00000000f2480000,0x00000000f2480000,0x00000000ffe00000)
  to   space 222720K, 0% used [0x00000000e4b00000,0x00000000e4b00000,0x00000000f2480000)
 ParOldGen       total 1350656K, used 1350191K [0x0000000084600000, 0x00000000d6d00000, 0x00000000d6d00000)
  object space 1350656K, 99% used [0x0000000084600000,0x00000000d6c8bca8,0x00000000d6d00000)
 Metaspace       used 12079K, capacity 12322K, committed 12544K, reserved 1060864K
  class space    used 1457K, capacity 1527K, committed 1536K, reserved 1048576K
Event: 229.930 GC heap after
Heap after GC invocations=73 (full 35):
 PSYoungGen      total 450048K, used 0K [0x00000000d6d00000, 0x00000000ffe00000, 0x0000000100000000)
  eden space 227328K, 0% used [0x00000000d6d00000,0x00000000d6d00000,0x00000000e4b00000)
  from space 222720K, 0% used [0x00000000f2480000,0x00000000f2480000,0x00000000ffe00000)
  to   space 222720K, 0% used [0x00000000e4b00000,0x00000000e4b00000,0x00000000f2480000)
 ParOldGen       total 1350656K, used 1333913K [0x0000000084600000, 0x00000000d6d00000, 0x00000000d6d00000)
  object space 1350656K, 98% used [0x0000000084600000,0x00000000d5ca65b8,0x00000000d6d00000)
 Metaspace       used 12079K, capacity 12322K, committed 12544K, reserved 1060864K
  class space    used 1457K, capacity 1527K, committed 1536K, reserved 1048576K
}

