# JRE version: Java(TM) SE Runtime Environment (8.0_131-b11) (build 1.8.0_131-b11)
# Java VM: Java HotSpot(TM) 64-Bit Server VM (25.131-b11 mixed mode linux-amd64 compressed oops)
Heap:
 PSYoungGen      total 450048K, used 195552K [0x00000000d6d00000, 0x0000000100000000, 0x0000000100000000)
  eden space 225280K, 86% used [0x00000000d6d00000,0x00000000e2bf8068,0x00000000e4900000)
  from space 224768K, 0% used [0x00000000f2480000,0x00000000f2480000,0x0000000100000000)
  to   space 224768K, 0% used [0x00000000e4900000,0x00000000e4900000,0x00000000f2480000)
 ParOldGen       total 1350656K, used 1044612K [0x0000000084600000, 0x00000000d6d00000, 0x00000000d6d00000)
  object space 1350656K, 77% used [0x0000000084600000,0x00000000c42213a8,0x00000000d6d00000)
 Metaspace       used 12012K, capacity 12242K, committed 12544K, reserved 1060864K
  class space    used 1452K, capacity 1527K, committed 1536K, reserved 1048576K
GC Heap History (10 events):
Event: 358.029 GC heap before
{Heap before GC invocations=82 (full 64):
 PSYoungGen      total 450048K, used 219432K [0x00000000d6d00000, 0x0000000100000000, 0x0000000100000000)
  eden space 225280K, 97% used [0x00000000d6d00000,0x00000000e434a2a8,0x00000000e4900000)
  from space 224768K, 0% used [0x00000000f2480000,0x00000000f2480000,0x0000000100000000)
  to   space 224768K, 0% used [0x00000000e4900000,0x00000000e4900000,0x00000000f2480000)
 ParOldGen       total 1350656K, used 1350609K [0x0000000084600000, 0x00000000d6d00000, 0x00000000d6d00000)
  object space 1350656K, 99% used [0x0000000084600000,0x00000000d6cf4480,0x00000000d6d00000)
 Metaspace       used 12006K, capacity 12242K, committed 12544K, reserved 1060864K
  class space    used 1452K, capacity 1527K, committed 1536K, reserved 1048576K
Event: 360.376 GC heap after
Heap after GC invocations=82 (full 64):
 PSYoungGen      total 450048K, used 219384K [0x00000000d6d00000, 0x0000000100000000, 0x0000000100000000)
  eden space 225280K, 97% used [0x00000000d6d00000,0x00000000e433e1b0,0x00000000e4900000)
  from space 224768K, 0% used [0x00000000f2480000,0x00000000f2480000,0x0000000100000000)
  to   space 224768K, 0% used [0x00000000e4900000,0x00000000e4900000,0x00000000f2480000)
 ParOldGen       total 1350656K, used 1350609K [0x0000000084600000, 0x00000000d6d00000, 0x00000000d6d00000)
  object space 1350656K, 99% used [0x0000000084600000,0x00000000d6cf4480,0x00000000d6d00000)
 Metaspace       used 12006K, capacity 12242K, committed 12544K, reserved 1060864K
  class space    used 1452K, capacity 1527K, committed 1536K, reserved 1048576K
}
Event: 360.376 GC heap before
{Heap before GC invocations=83 (full 65):
 PSYoungGen      total 450048K, used 219384K [0x00000000d6d00000, 0x0000000100000000, 0x0000000100000000)
  eden space 225280K, 97% used [0x00000000d6d00000,0x00000000e433e1b0,0x00000000e4900000)
  from space 224768K, 0% used [0x00000000f2480000,0x00000000f2480000,0x0000000100000000)
  to   space 224768K, 0% used [0x00000000e4900000,0x00000000e4900000,0x00000000f2480000)
 ParOldGen       total 1350656K, used 1350609K [0x0000000084600000, 0x00000000d6d00000, 0x00000000d6d00000)
  object space 1350656K, 99% used [0x0000000084600000,0x00000000d6cf4480,0x00000000d6d00000)
 Metaspace       used 12006K, capacity 12242K, committed 12544K, reserved 1060864K
  class space    used 1452K, capacity 1527K, committed 1536K, reserved 1048576K
Event: 363.040 GC heap after
Heap after GC invocations=83 (full 65):
 PSYoungGen      total 450048K, used 219384K [0x00000000d6d00000, 0x0000000100000000, 0x0000000100000000)
  eden space 225280K, 97% used [0x00000000d6d00000,0x00000000e433e1b0,0x00000000e4900000)
  from space 224768K, 0% used [0x00000000f2480000,0x00000000f2480000,0x0000000100000000)
  to   space 224768K, 0% used [0x00000000e4900000,0x00000000e4900000,0x00000000f2480000)
 ParOldGen       total 1350656K, used 1350609K [0x0000000084600000, 0x00000000d6d00000, 0x00000000d6d00000)
  object space 1350656K, 99% used [0x0000000084600000,0x00000000d6cf4480,0x00000000d6d00000)
 Metaspace       used 12006K, capacity 12242K, committed 12544K, reserved 1060864K
  class space    used 1452K, capacity 1527K, committed 1536K, reserved 1048576K
}
Event: 363.071 GC heap before
{Heap before GC invocations=84 (full 66):
 PSYoungGen      total 450048K, used 225280K [0x00000000d6d00000, 0x0000000100000000, 0x0000000100000000)
  eden space 225280K, 100% used [0x00000000d6d00000,0x00000000e4900000,0x00000000e4900000)
  from space 224768K, 0% used [0x00000000f2480000,0x00000000f2480000,0x0000000100000000)
  to   space 224768K, 0% used [0x00000000e4900000,0x00000000e4900000,0x00000000f2480000)
 ParOldGen       total 1350656K, used 1350609K [0x0000000084600000, 0x00000000d6d00000, 0x00000000d6d00000)
  object space 1350656K, 99% used [0x0000000084600000,0x00000000d6cf4480,0x00000000d6d00000)
 Metaspace       used 12012K, capacity 12248K, committed 12544K, reserved 1060864K
  class space    used 1452K, capacity 1528K, committed 1536K, reserved 1048576K
Event: 366.364 GC heap after
Heap after GC invocations=84 (full 66):
 PSYoungGen      total 450048K, used 199423K [0x00000000d6d00000, 0x0000000100000000, 0x0000000100000000)
  eden space 225280K, 88% used [0x00000000d6d00000,0x00000000e2fbffc0,0x00000000e4900000)
  from space 224768K, 0% used [0x00000000f2480000,0x00000000f2480000,0x0000000100000000)
  to   space 224768K, 0% used [0x00000000e4900000,0x00000000e4900000,0x00000000f2480000)
 ParOldGen       total 1350656K, used 1350365K [0x0000000084600000, 0x00000000d6d00000, 0x00000000d6d00000)
  object space 1350656K, 99% used [0x0000000084600000,0x00000000d6cb77f0,0x00000000d6d00000)
 Metaspace       used 12008K, capacity 12242K, committed 12544K, reserved 1060864K
  class space    used 1452K, capacity 1527K, committed 1536K, reserved 1048576K
}
Event: 366.527 GC heap before
{Heap before GC invocations=85 (full 67):
 PSYoungGen      total 450048K, used 225280K [0x00000000d6d00000, 0x0000000100000000, 0x0000000100000000)
  eden space 225280K, 100% used [0x00000000d6d00000,0x00000000e4900000,0x00000000e4900000)
  from space 224768K, 0% used [0x00000000f2480000,0x00000000f2480000,0x0000000100000000)
  to   space 224768K, 0% used [0x00000000e4900000,0x00000000e4900000,0x00000000f2480000)
 ParOldGen       total 1350656K, used 1350365K [0x0000000084600000, 0x00000000d6d00000, 0x00000000d6d00000)
  object space 1350656K, 99% used [0x0000000084600000,0x00000000d6cb77f0,0x00000000d6d00000)
 Metaspace       used 12008K, capacity 12242K, committed 12544K, reserved 1060864K
  class space    used 1452K, capacity 1527K, committed 1536K, reserved 1048576K
Event: 369.111 GC heap after
Heap after GC invocations=85 (full 67):
 PSYoungGen      total 450048K, used 0K [0x00000000d6d00000, 0x0000000100000000, 0x0000000100000000)
  eden space 225280K, 0% used [0x00000000d6d00000,0x00000000d6d00000,0x00000000e4900000)
  from space 224768K, 0% used [0x00000000f2480000,0x00000000f2480000,0x0000000100000000)
  to   space 224768K, 0% used [0x00000000e4900000,0x00000000e4900000,0x00000000f2480000)
 ParOldGen       total 1350656K, used 1215834K [0x0000000084600000, 0x00000000d6d00000, 0x00000000d6d00000)
  object space 1350656K, 90% used [0x0000000084600000,0x00000000ce956b58,0x00000000d6d00000)
 Metaspace       used 12008K, capacity 12242K, committed 12544K, reserved 1060864K
  class space    used 1452K, capacity 1527K, committed 1536K, reserved 1048576K
}
Event: 369.620 GC heap before
{Heap before GC invocations=86 (full 68):
 PSYoungGen      total 450048K, used 225280K [0x00000000d6d00000, 0x0000000100000000, 0x0000000100000000)
  eden space 225280K, 100% used [0x00000000d6d00000,0x00000000e4900000,0x00000000e4900000)
  from space 224768K, 0% used [0x00000000f2480000,0x00000000f2480000,0x0000000100000000)
  to   space 224768K, 0% used [0x00000000e4900000,0x00000000e4900000,0x00000000f2480000)
 ParOldGen       total 1350656K, used 1215834K [0x0000000084600000, 0x00000000d6d00000, 0x00000000d6d00000)
  object space 1350656K, 90% used [0x0000000084600000,0x00000000ce956b58,0x00000000d6d00000)
 Metaspace       used 12012K, capacity 12242K, committed 12544K, reserved 1060864K
  class space    used 1452K, capacity 1527K, committed 1536K, reserved 1048576K
Event: 372.260 GC heap after
Heap after GC invocations=86 (full 68):
 PSYoungGen      total 450048K, used 0K [0x00000000d6d00000, 0x0000000100000000, 0x0000000100000000)
  eden space 225280K, 0% used [0x00000000d6d00000,0x00000000d6d00000,0x00000000e4900000)
  from space 224768K, 0% used [0x00000000f2480000,0x00000000f2480000,0x0000000100000000)
  to   space 224768K, 0% used [0x00000000e4900000,0x00000000e4900000,0x00000000f2480000)
 ParOldGen       total 1350656K, used 1044612K [0x0000000084600000, 0x00000000d6d00000, 0x00000000d6d00000)
  object space 1350656K, 77% used [0x0000000084600000,0x00000000c42213a8,0x00000000d6d00000)
 Metaspace       used 12012K, capacity 12242K, committed 12544K, reserved 1060864K
  class space    used 1452K, capacity 1527K, committed 1536K, reserved 1048576K
}

