<?xml version="1.0" encoding="UTF-8" ?>
<testsuite tests="2" failures="0" name="io.openmessaging.client.producer.SendQueuesTest" time="2.056" errors="1" skipped="0">
  <properties>
[...]
</properties>
  <testcase classname="io.openmessaging.client.producer.SendQueuesTest" name="testGetList" time="1.988">
    <error message="Connection refused: no further information: /127.0.0.1:8090" type="java.net.ConnectException">java.net.ConnectException: Connection refused: no further information: /127.0.0.1:8090
	at sun.nio.ch.SocketChannelImpl.checkConnect(Native Method)
	at sun.nio.ch.SocketChannelImpl.finishConnect(SocketChannelImpl.java:717)
	at io.netty.channel.socket.nio.NioSocketChannel.doFinishConnect(NioSocketChannel.java:223)
	at io.netty.channel.nio.AbstractNioChannel$AbstractNioUnsafe.finishConnect(AbstractNioChannel.java:276)
	at io.netty.channel.nio.NioEventLoop.processSelectedKey(NioEventLoop.java:531)
	at io.netty.channel.nio.NioEventLoop.processSelectedKeysOptimized(NioEventLoop.java:471)
	at io.netty.channel.nio.NioEventLoop.processSelectedKeys(NioEventLoop.java:385)
	at io.netty.channel.nio.NioEventLoop.run(NioEventLoop.java:351)
	at io.netty.util.concurrent.SingleThreadEventExecutor$2.run(SingleThreadEventExecutor.java:116)
	at io.netty.util.internal.chmv8.ForkJoinTask$RunnableExecuteAction.exec(ForkJoinTask.java:1412)
	at io.netty.util.internal.chmv8.ForkJoinTask.doExec(ForkJoinTask.java:280)
	at io.netty.util.internal.chmv8.ForkJoinPool$WorkQueue.runTask(ForkJoinPool.java:877)
	at io.netty.util.internal.chmv8.ForkJoinPool.scan(ForkJoinPool.java:1706)
	at io.netty.util.internal.chmv8.ForkJoinPool.runWorker(ForkJoinPool.java:1661)
	at io.netty.util.internal.chmv8.ForkJoinWorkerThread.run(ForkJoinWorkerThread.java:126)
</error>
  </testcase>
  <testcase classname="io.openmessaging.client.producer.SendQueuesTest" name="testListSize" time="0.068"/>
</testsuite>